0 info it worked if it ends with ok
1 verbose cli [ '/usr/local/Cellar/node/0.8.20/bin/node',
1 verbose cli   '/usr/local/bin/npm',
1 verbose cli   'publish' ]
2 info using npm@1.2.11
3 info using node@v0.8.20
4 verbose publish [ '.' ]
5 verbose read json /Users/andreychizh/Projects/node-shortlink/package.json
6 verbose cache add [ '.', null ]
7 verbose cache add name=undefined spec="." args=[".",null]
8 verbose parsed url { pathname: '.', path: '.', href: '.' }
9 silly lockFile 3a52ce78- .
10 verbose lock . /Users/andreychizh/.npm/3a52ce78-.lock
11 verbose read json package.json
12 verbose tar pack [ '/var/folders/qz/g3zv7lrj0mjbp93xrqhw16f80000gn/T/npm-4443/1361974489555-0.5763481776230037/tmp.tgz',
12 verbose tar pack   '.' ]
13 verbose tarball /var/folders/qz/g3zv7lrj0mjbp93xrqhw16f80000gn/T/npm-4443/1361974489555-0.5763481776230037/tmp.tgz
14 verbose folder .
15 info prepublish shortlink@0.0.2
16 silly lockFile 3a52ce78- .
17 verbose lock . /Users/andreychizh/.npm/3a52ce78-.lock
18 silly lockFile 29987f28-89555-0-5763481776230037-tmp-tgz /var/folders/qz/g3zv7lrj0mjbp93xrqhw16f80000gn/T/npm-4443/1361974489555-0.5763481776230037/tmp.tgz
19 verbose lock /var/folders/qz/g3zv7lrj0mjbp93xrqhw16f80000gn/T/npm-4443/1361974489555-0.5763481776230037/tmp.tgz /Users/andreychizh/.npm/29987f28-89555-0-5763481776230037-tmp-tgz.lock
20 silly lockFile 3a52ce78- .
21 silly lockFile 3a52ce78- .
22 silly lockFile 29987f28-89555-0-5763481776230037-tmp-tgz /var/folders/qz/g3zv7lrj0mjbp93xrqhw16f80000gn/T/npm-4443/1361974489555-0.5763481776230037/tmp.tgz
23 silly lockFile 29987f28-89555-0-5763481776230037-tmp-tgz /var/folders/qz/g3zv7lrj0mjbp93xrqhw16f80000gn/T/npm-4443/1361974489555-0.5763481776230037/tmp.tgz
24 verbose tar unpack /var/folders/qz/g3zv7lrj0mjbp93xrqhw16f80000gn/T/npm-4443/1361974489555-0.5763481776230037/tmp.tgz
25 silly lockFile 80a7e7eb-89555-0-5763481776230037-package /var/folders/qz/g3zv7lrj0mjbp93xrqhw16f80000gn/T/npm-4443/1361974489555-0.5763481776230037/package
26 verbose lock /var/folders/qz/g3zv7lrj0mjbp93xrqhw16f80000gn/T/npm-4443/1361974489555-0.5763481776230037/package /Users/andreychizh/.npm/80a7e7eb-89555-0-5763481776230037-package.lock
27 silly lockFile 29987f28-89555-0-5763481776230037-tmp-tgz /var/folders/qz/g3zv7lrj0mjbp93xrqhw16f80000gn/T/npm-4443/1361974489555-0.5763481776230037/tmp.tgz
28 verbose lock /var/folders/qz/g3zv7lrj0mjbp93xrqhw16f80000gn/T/npm-4443/1361974489555-0.5763481776230037/tmp.tgz /Users/andreychizh/.npm/29987f28-89555-0-5763481776230037-tmp-tgz.lock
29 silly gunzTarPerm modes [ '755', '644' ]
30 silly gunzTarPerm extractEntry package.json
31 silly gunzTarPerm extractEntry .npmignore
32 silly gunzTarPerm extractEntry README.md
33 silly gunzTarPerm extractEntry example/index.js
34 silly gunzTarPerm extractEntry lib/shortlink.js
35 silly gunzTarPerm extractEntry Makefile
36 silly gunzTarPerm extractEntry test/main.js
37 silly gunzTarPerm extractEntry .travis.yml
38 silly gunzTarPerm extractEntry LICENSE.md
39 verbose read json /var/folders/qz/g3zv7lrj0mjbp93xrqhw16f80000gn/T/npm-4443/1361974489555-0.5763481776230037/package/package.json
40 silly lockFile 80a7e7eb-89555-0-5763481776230037-package /var/folders/qz/g3zv7lrj0mjbp93xrqhw16f80000gn/T/npm-4443/1361974489555-0.5763481776230037/package
41 silly lockFile 80a7e7eb-89555-0-5763481776230037-package /var/folders/qz/g3zv7lrj0mjbp93xrqhw16f80000gn/T/npm-4443/1361974489555-0.5763481776230037/package
42 silly lockFile 29987f28-89555-0-5763481776230037-tmp-tgz /var/folders/qz/g3zv7lrj0mjbp93xrqhw16f80000gn/T/npm-4443/1361974489555-0.5763481776230037/tmp.tgz
43 silly lockFile 29987f28-89555-0-5763481776230037-tmp-tgz /var/folders/qz/g3zv7lrj0mjbp93xrqhw16f80000gn/T/npm-4443/1361974489555-0.5763481776230037/tmp.tgz
44 verbose from cache /var/folders/qz/g3zv7lrj0mjbp93xrqhw16f80000gn/T/npm-4443/1361974489555-0.5763481776230037/package/package.json
45 verbose tar pack [ '/Users/andreychizh/.npm/shortlink/0.0.2/package.tgz',
45 verbose tar pack   '/var/folders/qz/g3zv7lrj0mjbp93xrqhw16f80000gn/T/npm-4443/1361974489555-0.5763481776230037/package' ]
46 verbose tarball /Users/andreychizh/.npm/shortlink/0.0.2/package.tgz
47 verbose folder /var/folders/qz/g3zv7lrj0mjbp93xrqhw16f80000gn/T/npm-4443/1361974489555-0.5763481776230037/package
48 silly lockFile 80a7e7eb-89555-0-5763481776230037-package /var/folders/qz/g3zv7lrj0mjbp93xrqhw16f80000gn/T/npm-4443/1361974489555-0.5763481776230037/package
49 verbose lock /var/folders/qz/g3zv7lrj0mjbp93xrqhw16f80000gn/T/npm-4443/1361974489555-0.5763481776230037/package /Users/andreychizh/.npm/80a7e7eb-89555-0-5763481776230037-package.lock
50 silly lockFile 1b879e28--npm-shortlink-0-0-2-package-tgz /Users/andreychizh/.npm/shortlink/0.0.2/package.tgz
51 verbose lock /Users/andreychizh/.npm/shortlink/0.0.2/package.tgz /Users/andreychizh/.npm/1b879e28--npm-shortlink-0-0-2-package-tgz.lock
52 silly lockFile 80a7e7eb-89555-0-5763481776230037-package /var/folders/qz/g3zv7lrj0mjbp93xrqhw16f80000gn/T/npm-4443/1361974489555-0.5763481776230037/package
53 silly lockFile 80a7e7eb-89555-0-5763481776230037-package /var/folders/qz/g3zv7lrj0mjbp93xrqhw16f80000gn/T/npm-4443/1361974489555-0.5763481776230037/package
54 silly lockFile 1b879e28--npm-shortlink-0-0-2-package-tgz /Users/andreychizh/.npm/shortlink/0.0.2/package.tgz
55 silly lockFile 1b879e28--npm-shortlink-0-0-2-package-tgz /Users/andreychizh/.npm/shortlink/0.0.2/package.tgz
56 silly lockFile 67ca5585-hizh-npm-shortlink-0-0-2-package /Users/andreychizh/.npm/shortlink/0.0.2/package
57 verbose lock /Users/andreychizh/.npm/shortlink/0.0.2/package /Users/andreychizh/.npm/67ca5585-hizh-npm-shortlink-0-0-2-package.lock
58 silly lockFile 67ca5585-hizh-npm-shortlink-0-0-2-package /Users/andreychizh/.npm/shortlink/0.0.2/package
59 silly lockFile 67ca5585-hizh-npm-shortlink-0-0-2-package /Users/andreychizh/.npm/shortlink/0.0.2/package
60 verbose tar unpack /Users/andreychizh/.npm/shortlink/0.0.2/package.tgz
61 silly lockFile 67ca5585-hizh-npm-shortlink-0-0-2-package /Users/andreychizh/.npm/shortlink/0.0.2/package
62 verbose lock /Users/andreychizh/.npm/shortlink/0.0.2/package /Users/andreychizh/.npm/67ca5585-hizh-npm-shortlink-0-0-2-package.lock
63 silly lockFile 1b879e28--npm-shortlink-0-0-2-package-tgz /Users/andreychizh/.npm/shortlink/0.0.2/package.tgz
64 verbose lock /Users/andreychizh/.npm/shortlink/0.0.2/package.tgz /Users/andreychizh/.npm/1b879e28--npm-shortlink-0-0-2-package-tgz.lock
65 silly gunzTarPerm modes [ '755', '644' ]
66 silly gunzTarPerm extractEntry package.json
67 silly gunzTarPerm extractEntry .npmignore
68 silly gunzTarPerm extractEntry README.md
69 silly gunzTarPerm extractEntry .travis.yml
70 silly gunzTarPerm extractEntry example/index.js
71 silly gunzTarPerm extractEntry lib/shortlink.js
72 silly gunzTarPerm extractEntry LICENSE.md
73 silly gunzTarPerm extractEntry Makefile
74 silly gunzTarPerm extractEntry test/main.js
75 verbose read json /Users/andreychizh/.npm/shortlink/0.0.2/package/package.json
76 silly lockFile 67ca5585-hizh-npm-shortlink-0-0-2-package /Users/andreychizh/.npm/shortlink/0.0.2/package
77 silly lockFile 67ca5585-hizh-npm-shortlink-0-0-2-package /Users/andreychizh/.npm/shortlink/0.0.2/package
78 silly lockFile 1b879e28--npm-shortlink-0-0-2-package-tgz /Users/andreychizh/.npm/shortlink/0.0.2/package.tgz
79 silly lockFile 1b879e28--npm-shortlink-0-0-2-package-tgz /Users/andreychizh/.npm/shortlink/0.0.2/package.tgz
80 silly shasum updated bytes 2641
81 info shasum 81d8ae7f73c9efe200e6ee759417f4e870c655a0
81 info shasum /Users/andreychizh/.npm/shortlink/0.0.2/package.tgz
82 verbose from cache /Users/andreychizh/.npm/shortlink/0.0.2/package/package.json
83 verbose chmod /Users/andreychizh/.npm/shortlink/0.0.2/package.tgz 644
84 verbose chown /Users/andreychizh/.npm/shortlink/0.0.2/package.tgz [ 501, 20 ]
85 silly lockFile 3a52ce78- .
86 silly publish { name: 'shortlink',
86 silly publish   version: '0.0.2',
86 silly publish   description: 'Simple generation of short links',
86 silly publish   keywords: [ 'shortlink', 'shorturl', 'base58' ],
86 silly publish   author:
86 silly publish    { name: 'Andrey Chizh',
86 silly publish      email: 'info.andreychizh@gmail.com',
86 silly publish      url: 'http://andreychizh.com' },
86 silly publish   homepage: 'http://andreychizh.github.com/node-shortlink/',
86 silly publish   repository:
86 silly publish    { type: 'git',
86 silly publish      url: 'git://github.com/AndreyChizh/node-shortlink.git' },
86 silly publish   main: './lib/shortlink',
86 silly publish   engines: { node: '> 0.6.0' },
86 silly publish   scripts: { test: 'make test' },
86 silly publish   devDependencies: { mocha: '*', should: '*' },
86 silly publish   licenses:
86 silly publish    [ { type: 'MIT',
86 silly publish        url: 'https://raw.github.com/AndreyChizh/node-shortlink/master/LICENSE.md' } ],
86 silly publish   readme: 'node-shortlink\n==============\n\nSimple generation of short links\n\n[![Build Status](https://travis-ci.org/AndreyChizh/node-shortlink.png?branch=master)](https://travis-ci.org/AndreyChizh/node-shortlink)\n\n',
86 silly publish   readmeFilename: 'README.md',
86 silly publish   _id: 'shortlink@0.0.2',
86 silly publish   dist: { shasum: '81d8ae7f73c9efe200e6ee759417f4e870c655a0' },
86 silly publish   _from: '.' }
87 verbose url raw shortlink
88 verbose url resolving [ 'https://registry.npmjs.org/', './shortlink' ]
89 verbose url resolved https://registry.npmjs.org/shortlink
90 info trying registry request attempt 1 at 16:15:00
91 http PUT https://registry.npmjs.org/shortlink
92 http 409 https://registry.npmjs.org/shortlink
93 verbose url raw shortlink
94 verbose url resolving [ 'https://registry.npmjs.org/', './shortlink' ]
95 verbose url resolved https://registry.npmjs.org/shortlink
96 info trying registry request attempt 1 at 16:15:03
97 http GET https://registry.npmjs.org/shortlink
98 http 200 https://registry.npmjs.org/shortlink
99 error publish fail Cannot publish over existing version.
99 error publish fail Update the 'version' field in package.json and try again.
99 error publish fail
99 error publish fail If the previous version was published in error, see:
99 error publish fail     npm help unpublish
99 error publish fail
99 error publish fail To automatically increment version numbers, see:
99 error publish fail     npm help version
100 error System Darwin 11.4.2
101 error command "/usr/local/Cellar/node/0.8.20/bin/node" "/usr/local/bin/npm" "publish"
102 error cwd /Users/andreychizh/Projects/node-shortlink
103 error node -v v0.8.20
104 error npm -v 1.2.11
105 error code EPUBLISHCONFLICT
106 verbose exit [ 1, true ]
